0 info it worked if it ends with ok
1 verbose cli [ 'C:\\Program Files\\nodejs\\node.exe',
1 verbose cli   'C:\\Program Files\\nodejs\\node_modules\\npm\\bin\\npm-cli.js',
1 verbose cli   'rebuild',
1 verbose cli   'node-sass' ]
2 info using npm@3.10.10
3 info using node@v6.10.0
4 info readInstalled object
5 verbose rebuild path, id [ 'D:\\Projekty\\Filip\\node_modules\\node-sass',
5 verbose rebuild   'node-sass@3.8.0' ]
6 silly rebuild set [ 'D:\\Projekty\\Filip\\node_modules\\node-sass' ]
7 info build D:\Projekty\Filip\node_modules\node-sass
8 info lifecycle node-sass@3.8.0~preinstall: node-sass@3.8.0
9 silly lifecycle node-sass@3.8.0~preinstall: no script for preinstall, continuing
10 info linkStuff node-sass@3.8.0
11 silly linkStuff node-sass@3.8.0 has D:\Projekty\Filip\node_modules as its parent node_modules
12 verbose linkBins node-sass@3.8.0
13 verbose link bins [ { 'node-sass': 'bin/node-sass' },
13 verbose link bins   'D:\\Projekty\\Filip\\node_modules\\.bin',
13 verbose link bins   false ]
14 verbose linkMans node-sass@3.8.0
15 verbose rebuildBundles node-sass@3.8.0
16 verbose rebuildBundles [ 'gaze', 'globule', 'lodash' ]
17 verbose rebuild bundle D:\Projekty\Filip\node_modules\node-sass\node_modules\globule
18 info build D:\Projekty\Filip\node_modules\node-sass\node_modules\globule
19 info lifecycle globule@1.0.0~preinstall: globule@1.0.0
20 silly lifecycle globule@1.0.0~preinstall: no script for preinstall, continuing
21 info linkStuff globule@1.0.0
22 silly linkStuff globule@1.0.0 has D:\Projekty\Filip\node_modules\node-sass\node_modules as its parent node_modules
23 verbose linkBins globule@1.0.0
24 verbose linkMans globule@1.0.0
25 verbose rebuildBundles globule@1.0.0
26 info lifecycle globule@1.0.0~install: globule@1.0.0
27 silly lifecycle globule@1.0.0~install: no script for install, continuing
28 info lifecycle globule@1.0.0~postinstall: globule@1.0.0
29 silly lifecycle globule@1.0.0~postinstall: no script for postinstall, continuing
30 verbose rebuild bundle D:\Projekty\Filip\node_modules\node-sass\node_modules\lodash
31 info build D:\Projekty\Filip\node_modules\node-sass\node_modules\lodash
32 info lifecycle lodash@4.9.0~preinstall: lodash@4.9.0
33 silly lifecycle lodash@4.9.0~preinstall: no script for preinstall, continuing
34 info linkStuff lodash@4.9.0
35 silly linkStuff lodash@4.9.0 has D:\Projekty\Filip\node_modules\node-sass\node_modules as its parent node_modules
36 verbose linkBins lodash@4.9.0
37 verbose linkMans lodash@4.9.0
38 verbose rebuildBundles lodash@4.9.0
39 info lifecycle lodash@4.9.0~install: lodash@4.9.0
40 silly lifecycle lodash@4.9.0~install: no script for install, continuing
41 info lifecycle lodash@4.9.0~postinstall: lodash@4.9.0
42 silly lifecycle lodash@4.9.0~postinstall: no script for postinstall, continuing
43 info lifecycle node-sass@3.8.0~install: node-sass@3.8.0
44 verbose lifecycle node-sass@3.8.0~install: unsafe-perm in lifecycle true
45 verbose lifecycle node-sass@3.8.0~install: PATH: C:\Program Files\nodejs\node_modules\npm\bin\node-gyp-bin;D:\Projekty\Filip\node_modules\node-sass\node_modules\.bin;D:\Projekty\Filip\node_modules\.bin;C:\Windows\system32;C:\Windows;C:\Windows\System32\Wbem;C:\Windows\System32\WindowsPowerShell\v1.0\;C:\Program Files (x86)\NVIDIA Corporation\PhysX\Common;C:\Program Files\Git\cmd;C:\Program Files\Git\mingw64\bin;C:\Program Files\Git\usr\bin;C:\Program Files\Microsoft\Web Platform Installer\;C:\WINDOWS\system32\config\systemprofile\.dnx\bin;C:\Program Files\Microsoft DNX\Dnvm\;C:\Program Files\Microsoft SQL Server\130\Tools\Binn\;C:\Program Files\Microsoft SQL Server\Client SDK\ODBC\110\Tools\Binn\;C:\Program Files (x86)\Microsoft SQL Server\120\Tools\Binn\;C:\Program Files\Microsoft SQL Server\120\Tools\Binn\;C:\Program Files\Microsoft SQL Server\120\DTS\Binn\;C:\Program Files (x86)\Microsoft SQL Server\120\Tools\Binn\ManagementStudio\;C:\Program Files (x86)\Microsoft SQL Server\120\DTS\Binn\;C:\Users\natha\AppData\Local\Programs\Python\Python35;C:\Users\natha\AppData\Local\Programs\Python\Python35\Scripts;C:\WINDOWS\system32;C:\WINDOWS;C:\WINDOWS\System32\Wbem;C:\WINDOWS\System32\WindowsPowerShell\v1.0\;D:\rsync;C:\Program Files\nodejs\;C:\Program Files (x86)\Skype\Phone\;C:\HashiCorp\Vagrant\bin;C:\vv;C:\Users\natha\AppData\Local\Microsoft\WindowsApps;C:\Users\natha\AppData\Roaming\npm;C:\vv
46 verbose lifecycle node-sass@3.8.0~install: CWD: D:\Projekty\Filip\node_modules\node-sass
47 silly lifecycle node-sass@3.8.0~install: Args: [ '/d /s /c', 'node scripts/install.js' ]
48 silly lifecycle node-sass@3.8.0~install: Returned: code: 0  signal: null
49 info lifecycle node-sass@3.8.0~postinstall: node-sass@3.8.0
50 verbose lifecycle node-sass@3.8.0~postinstall: unsafe-perm in lifecycle true
51 verbose lifecycle node-sass@3.8.0~postinstall: PATH: C:\Program Files\nodejs\node_modules\npm\bin\node-gyp-bin;D:\Projekty\Filip\node_modules\node-sass\node_modules\.bin;D:\Projekty\Filip\node_modules\.bin;C:\Windows\system32;C:\Windows;C:\Windows\System32\Wbem;C:\Windows\System32\WindowsPowerShell\v1.0\;C:\Program Files (x86)\NVIDIA Corporation\PhysX\Common;C:\Program Files\Git\cmd;C:\Program Files\Git\mingw64\bin;C:\Program Files\Git\usr\bin;C:\Program Files\Microsoft\Web Platform Installer\;C:\WINDOWS\system32\config\systemprofile\.dnx\bin;C:\Program Files\Microsoft DNX\Dnvm\;C:\Program Files\Microsoft SQL Server\130\Tools\Binn\;C:\Program Files\Microsoft SQL Server\Client SDK\ODBC\110\Tools\Binn\;C:\Program Files (x86)\Microsoft SQL Server\120\Tools\Binn\;C:\Program Files\Microsoft SQL Server\120\Tools\Binn\;C:\Program Files\Microsoft SQL Server\120\DTS\Binn\;C:\Program Files (x86)\Microsoft SQL Server\120\Tools\Binn\ManagementStudio\;C:\Program Files (x86)\Microsoft SQL Server\120\DTS\Binn\;C:\Users\natha\AppData\Local\Programs\Python\Python35;C:\Users\natha\AppData\Local\Programs\Python\Python35\Scripts;C:\WINDOWS\system32;C:\WINDOWS;C:\WINDOWS\System32\Wbem;C:\WINDOWS\System32\WindowsPowerShell\v1.0\;D:\rsync;C:\Program Files\nodejs\;C:\Program Files (x86)\Skype\Phone\;C:\HashiCorp\Vagrant\bin;C:\vv;C:\Users\natha\AppData\Local\Microsoft\WindowsApps;C:\Users\natha\AppData\Roaming\npm;C:\vv
52 verbose lifecycle node-sass@3.8.0~postinstall: CWD: D:\Projekty\Filip\node_modules\node-sass
53 silly lifecycle node-sass@3.8.0~postinstall: Args: [ '/d /s /c', 'node scripts/build.js' ]
54 silly lifecycle node-sass@3.8.0~postinstall: Returned: code: 1  signal: null
55 info lifecycle node-sass@3.8.0~postinstall: Failed to exec postinstall script
56 verbose stack Error: node-sass@3.8.0 postinstall: `node scripts/build.js`
56 verbose stack Exit status 1
56 verbose stack     at EventEmitter.<anonymous> (C:\Program Files\nodejs\node_modules\npm\lib\utils\lifecycle.js:255:16)
56 verbose stack     at emitTwo (events.js:106:13)
56 verbose stack     at EventEmitter.emit (events.js:191:7)
56 verbose stack     at ChildProcess.<anonymous> (C:\Program Files\nodejs\node_modules\npm\lib\utils\spawn.js:40:14)
56 verbose stack     at emitTwo (events.js:106:13)
56 verbose stack     at ChildProcess.emit (events.js:191:7)
56 verbose stack     at maybeClose (internal/child_process.js:877:16)
56 verbose stack     at Process.ChildProcess._handle.onexit (internal/child_process.js:226:5)
57 verbose pkgid node-sass@3.8.0
58 verbose cwd D:\Projekty\Filip
59 error Windows_NT 10.0.14393
60 error argv "C:\\Program Files\\nodejs\\node.exe" "C:\\Program Files\\nodejs\\node_modules\\npm\\bin\\npm-cli.js" "rebuild" "node-sass"
61 error node v6.10.0
62 error npm  v3.10.10
63 error code ELIFECYCLE
64 error node-sass@3.8.0 postinstall: `node scripts/build.js`
64 error Exit status 1
65 error Failed at the node-sass@3.8.0 postinstall script 'node scripts/build.js'.
65 error Make sure you have the latest version of node.js and npm installed.
65 error If you do, this is most likely a problem with the node-sass package,
65 error not with npm itself.
65 error Tell the author that this fails on your system:
65 error     node scripts/build.js
65 error You can get information on how to open an issue for this project with:
65 error     npm bugs node-sass
65 error Or if that isn't available, you can get their info via:
65 error     npm owner ls node-sass
65 error There is likely additional logging output above.
66 verbose exit [ 1, true ]
